05/26/2022 12:16:02 AM INFO: Hanabi server started on 127.0.0.1:1024
05/26/2022 12:17:54 AM INFO: Connected by: ('127.0.0.1', 54613)
05/26/2022 12:17:54 AM INFO: Player connected: simonetta
05/26/2022 12:18:11 AM INFO: Connected by: ('127.0.0.1', 54614)
05/26/2022 12:18:11 AM INFO: Player connected: enzham
05/26/2022 12:19:03 AM INFO: Player ready: simonetta
05/26/2022 12:26:28 AM INFO: Player ready: enzham
05/26/2022 12:26:28 AM INFO: Game start! Between: ['simonetta', 'enzham']
05/26/2022 12:26:28 AM INFO: Ok, let's start the game!
05/26/2022 12:27:06 AM INFO: Showing hand to: enzham
05/26/2022 12:27:41 AM INFO: Showing hand to: simonetta
05/26/2022 12:40:07 AM INFO: Player simonetta providing hint to enzham: cards with value 2 are in positions: [0, 2, 4]
05/26/2022 12:40:27 AM INFO: Showing hand to: enzham
05/26/2022 12:42:16 AM INFO: Showing hand to: enzham
05/26/2022 12:42:24 AM INFO: Showing hand to: simonetta
05/26/2022 11:17:40 AM WARNING: Player disconnected: simonetta
05/26/2022 11:17:44 AM WARNING: Player disconnected: enzham
05/26/2022 11:17:44 AM INFO: Shutting down server
05/26/2022 11:40:20 PM INFO: Hanabi server started on 127.0.0.1:1024
05/26/2022 11:40:34 PM INFO: Connected by: ('127.0.0.1', 56127)
05/26/2022 11:40:34 PM INFO: Player connected: simonetta
05/26/2022 11:40:49 PM INFO: Connected by: ('127.0.0.1', 56128)
05/26/2022 11:40:49 PM INFO: Player connected: enzham
05/26/2022 11:40:51 PM INFO: Player ready: simonetta
05/26/2022 11:40:53 PM INFO: Player ready: enzham
05/26/2022 11:40:53 PM INFO: Game start! Between: ['simonetta', 'enzham']
05/26/2022 11:40:53 PM INFO: Ok, let's start the game!
05/26/2022 11:40:56 PM INFO: Closing the server...
05/29/2022 03:07:52 AM INFO: Hanabi server started on 127.0.0.1:1024
05/29/2022 03:08:05 AM INFO: Connected by: ('127.0.0.1', 56601)
05/29/2022 03:08:05 AM INFO: Player connected: player1
05/29/2022 03:08:25 AM INFO: Connected by: ('127.0.0.1', 56602)
05/29/2022 03:08:25 AM INFO: Player connected: Agent_0
05/29/2022 03:08:25 AM INFO: Player ready: Agent_0
05/29/2022 03:08:29 AM INFO: Player ready: player1
05/29/2022 03:08:29 AM INFO: Game start! Between: ['player1', 'Agent_0']
05/29/2022 03:08:29 AM INFO: Ok, let's start the game!
05/29/2022 03:08:29 AM INFO: Showing hand to: Agent_0
05/29/2022 03:08:34 AM INFO: player1: card played and correctly put on the table
05/29/2022 03:08:34 AM INFO: Showing hand to: Agent_0
05/29/2022 03:08:34 AM INFO: Agent_0: card played and correctly put on the table
05/29/2022 03:08:34 AM INFO: Showing hand to: Agent_0
05/29/2022 03:08:46 AM INFO: Showing hand to: Agent_0
05/29/2022 03:08:46 AM INFO: Agent_0: card played and correctly put on the table
05/29/2022 03:08:46 AM INFO: Showing hand to: Agent_0
05/29/2022 03:08:50 AM INFO: Showing hand to: Agent_0
05/29/2022 03:08:50 AM INFO: Game over, people.
05/29/2022 03:08:50 AM INFO: Please, close the server now
05/29/2022 03:08:50 AM INFO: Score: 0; message: Booooooooooooring!
05/29/2022 03:08:50 AM INFO: Game over
05/29/2022 03:08:50 AM INFO: Game score: 0
05/29/2022 03:08:50 AM INFO: Starting new game
05/29/2022 03:08:50 AM INFO: Starting new game
05/29/2022 03:08:50 AM INFO: Ok, let's start the game!
05/29/2022 03:08:50 AM WARNING: Player disconnected: Agent_0
05/29/2022 03:09:07 AM WARNING: Player disconnected: player1
05/29/2022 03:09:07 AM INFO: Shutting down server
